<?xml version="1.0" encoding="UTF-8"?>
<testng-results ignored="1" total="2" passed="1" failed="0" skipped="0">
  <reporter-output>
  </reporter-output>
  <suite started-at="2024-06-09T18:44:51 IST" name="Default suite" finished-at="2024-06-09T18:45:00 IST" duration-ms="9464">
    <groups>
    </groups>
    <test started-at="2024-06-09T18:44:51 IST" name="Default test" finished-at="2024-06-09T18:45:00 IST" duration-ms="9464">
      <class name="ProductTest.ProductTestCases">
        <test-method is-config="true" signature="beforeSuite()[pri:0, instance:ProductTest.ProductTestCases@2d52216b]" started-at="2024-06-09T18:44:50 IST" name="beforeSuite" finished-at="2024-06-09T18:44:51 IST" duration-ms="935" status="PASS">
          <reporter-output>
          </reporter-output>
        </test-method> <!-- beforeSuite -->
        <test-method is-config="true" signature="beforeMethod(org.testng.ITestResult)[pri:0, instance:ProductTest.ProductTestCases@2d52216b]" started-at="2024-06-09T18:44:51 IST" name="beforeMethod" finished-at="2024-06-09T18:44:56 IST" duration-ms="5224" status="PASS">
          <params>
            <param index="0">
              <value>
                <![CDATA[[TestResult name={null} status=CREATED method=ProductTestCases.TC_Login1()[pri:0, instance:ProductTest.ProductTestCases@2d52216b] output={null}]]]>
              </value>
            </param>
          </params>
          <reporter-output>
          </reporter-output>
        </test-method> <!-- beforeMethod -->
        <test-method signature="TC_Login1()[pri:0, instance:ProductTest.ProductTestCases@2d52216b]" started-at="2024-06-09T18:44:56 IST" name="TC_Login1" finished-at="2024-06-09T18:44:59 IST" duration-ms="2621" status="PASS">
          <reporter-output>
          </reporter-output>
        </test-method> <!-- TC_Login1 -->
        <test-method is-config="true" signature="afterMethod()[pri:0, instance:ProductTest.ProductTestCases@2d52216b]" started-at="2024-06-09T18:44:59 IST" name="afterMethod" finished-at="2024-06-09T18:45:00 IST" duration-ms="1572" status="PASS">
          <reporter-output>
          </reporter-output>
        </test-method> <!-- afterMethod -->
        <test-method is-config="true" signature="afterSuite()[pri:0, instance:ProductTest.ProductTestCases@2d52216b]" started-at="2024-06-09T18:45:00 IST" name="afterSuite" finished-at="2024-06-09T18:45:00 IST" duration-ms="280" status="PASS">
          <reporter-output>
          </reporter-output>
        </test-method> <!-- afterSuite -->
      </class> <!-- ProductTest.ProductTestCases -->
    </test> <!-- Default test -->
  </suite> <!-- Default suite -->
</testng-results>
